[19:32:4.572] Global cache location '/Users/taekim/Library/Caches/typescript/3.8', safe file path '/users/taekim/.emacs.d/.cache/lsp/npm/typescript/lib/node_modules/typescript/lib/typingsafelist.json', types map path /users/taekim/.emacs.d/.cache/lsp/npm/typescript/lib/node_modules/typescript/lib/typesmap.json
[19:32:4.573] Processing cache location '/Users/taekim/Library/Caches/typescript/3.8'
[19:32:4.573] Trying to find '/Users/taekim/Library/Caches/typescript/3.8/package.json'...
[19:32:4.574] Finished processing cache location '/Users/taekim/Library/Caches/typescript/3.8'
[19:32:4.574] Process id: 9339
[19:32:4.574] NPM location: /usr/local/bin/npm (explicit '--npmLocation' not  provided)
[19:32:4.575] validateDefaultNpmLocation: false
[19:32:4.575] Npm config file: /Users/taekim/Library/Caches/typescript/3.8/package.json
[19:32:4.575] Npm config file: '/Users/taekim/Library/Caches/typescript/3.8/package.json' is missing, creating new one...
[19:32:4.577] Updating types-registry npm package...
[19:32:4.577] Exec: /usr/local/bin/npm install --ignore-scripts types-registry@latest
[19:32:5.998]     Succeeded. stdout:
    + types-registry@0.1.481
    added 1 package from 1 contributor and audited 1 package in 0.614s
found 0 vulnerabilities


[19:32:5.998] Updated types-registry npm package
[19:32:10.391] Got install request {"projectName":"/dev/null/inferredProject1*","fileNames":["/Users/taekim/.emacs.d/.cache/lsp/npm/typescript/lib/node_modules/typescript/lib/lib.d.ts","/Users/taekim/.emacs.d/.cache/lsp/npm/typescript/lib/node_modules/typescript/lib/lib.es5.d.ts","/Users/taekim/.emacs.d/.cache/lsp/npm/typescript/lib/node_modules/typescript/lib/lib.dom.d.ts","/Users/taekim/.emacs.d/.cache/lsp/npm/typescript/lib/node_modules/typescript/lib/lib.webworker.importscripts.d.ts","/Users/taekim/.emacs.d/.cache/lsp/npm/typescript/lib/node_modules/typescript/lib/lib.scripthost.d.ts","/Users/taekim/Projects/ucast/frontend/src/queries/InfluencerQuery.js","/Users/taekim/Projects/ucast/frontend/src/styles/Icons.js","/Users/taekim/Projects/ucast/frontend/src/screens/home/InfluencerScreen.js"],"compilerOptions":{"target":1,"jsx":1,"allowNonTsExtensions":true,"allowJs":true,"noEmitForJsFiles":true,"maxNodeModuleJsDepth":2},"typeAcquisition":{"enable":true,"include":[],"exclude":[]},"unresolvedImports":["keymirror","react-native","react-native-video"],"projectRootPath":"/Users/taekim/Projects/ucast/frontend/src/screens/home","kind":"discover"}
[19:32:10.411] Loaded safelist from types map file '/users/taekim/.emacs.d/.cache/lsp/npm/typescript/lib/node_modules/typescript/lib/typesmap.json'
[19:32:10.412] Explicitly included types: []
[19:32:10.413] Inferred typings from unresolved imports: ["keymirror","react-native","react-native-video"]
[19:32:10.414] Result: {"cachedTypingPaths":[],"newTypingNames":["keymirror","react-native","react-native-video"],"filesToWatch":["/Users/taekim/Projects/ucast/frontend/src/queries/bower_components","/Users/taekim/Projects/ucast/frontend/src/queries/node_modules","/Users/taekim/Projects/ucast/frontend/src/styles/bower_components","/Users/taekim/Projects/ucast/frontend/src/styles/node_modules","/Users/taekim/Projects/ucast/frontend/src/screens/home/bower_components","/Users/taekim/Projects/ucast/frontend/src/screens/home/node_modules"]}
[19:32:10.414] Finished typings discovery: {"cachedTypingPaths":[],"newTypingNames":["keymirror","react-native","react-native-video"],"filesToWatch":["/Users/taekim/Projects/ucast/frontend/src/queries/bower_components","/Users/taekim/Projects/ucast/frontend/src/queries/node_modules","/Users/taekim/Projects/ucast/frontend/src/styles/bower_components","/Users/taekim/Projects/ucast/frontend/src/styles/node_modules","/Users/taekim/Projects/ucast/frontend/src/screens/home/bower_components","/Users/taekim/Projects/ucast/frontend/src/screens/home/node_modules"]}
[19:32:10.416] DirectoryWatcher:: Added:: WatchInfo: /Users/taekim/Projects/ucast/frontend/src/queries/bower_components
[19:32:10.418] DirectoryWatcher:: Added:: WatchInfo: /Users/taekim/Projects/ucast/frontend/src/queries/node_modules
[19:32:10.418] DirectoryWatcher:: Added:: WatchInfo: /Users/taekim/Projects/ucast/frontend/src/styles/bower_components
[19:32:10.418] DirectoryWatcher:: Added:: WatchInfo: /Users/taekim/Projects/ucast/frontend/src/styles/node_modules
[19:32:10.419] DirectoryWatcher:: Added:: WatchInfo: /Users/taekim/Projects/ucast/frontend/src/screens/home/bower_components
[19:32:10.419] DirectoryWatcher:: Added:: WatchInfo: /Users/taekim/Projects/ucast/frontend/src/screens/home/node_modules
[19:32:10.419] Installing typings ["keymirror","react-native","react-native-video"]
[19:32:10.420] Npm config file: /Users/taekim/Library/Caches/typescript/3.8/package.json
[19:32:10.420] Sending response:
    {"kind":"event::beginInstallTypes","eventId":1,"typingsInstallerVersion":"3.8.3","projectName":"/dev/null/inferredProject1*"}
[19:32:10.420] Response has been sent.
[19:32:10.421] #1 with arguments'["@types/keymirror@ts3.8","@types/react-native@ts3.8","@types/react-native-video@ts3.8"]'.
[19:32:10.421] Exec: /usr/local/bin/npm install --ignore-scripts @types/keymirror@ts3.8 @types/react-native@ts3.8 @types/react-native-video@ts3.8 --save-dev --user-agent="typesInstaller/3.8.3"
[19:32:13.241]     Succeeded. stdout:
    + @types/react-native@0.61.21
    + @types/react-native-video@5.0.1
+ @types/keymirror@0.1.1
added 6 packages from 61 contributors and audited 14 packages in 1.995s
found 0 vulnerabilities


[19:32:13.241] npm install #1 took: 2820 ms
[19:32:13.241] Installed typings ["@types/keymirror@ts3.8","@types/react-native@ts3.8","@types/react-native-video@ts3.8"]
[19:32:13.252] Installed typing files ["/Users/taekim/Library/Caches/typescript/3.8/node_modules/@types/keymirror/index.d.ts","/Users/taekim/Library/Caches/typescript/3.8/node_modules/@types/react-native/index.d.ts","/Users/taekim/Library/Caches/typescript/3.8/node_modules/@types/react-native-video/index.d.ts"]
[19:32:13.252] Sending response:
    {"projectName":"/dev/null/inferredProject1*","typeAcquisition":{"enable":true,"include":[],"exclude":[]},"compilerOptions":{"target":1,"jsx":1,"allowNonTsExtensions":true,"allowJs":true,"noEmitForJsFiles":true,"maxNodeModuleJsDepth":2},"typings":["/Users/taekim/Library/Caches/typescript/3.8/node_modules/@types/keymirror/index.d.ts","/Users/taekim/Library/Caches/typescript/3.8/node_modules/@types/react-native/index.d.ts","/Users/taekim/Library/Caches/typescript/3.8/node_modules/@types/react-native-video/index.d.ts"],"unresolvedImports":["keymirror","react-native","react-native-video"],"kind":"action::set"}
[19:32:13.252] Response has been sent.
[19:32:13.253] Sending response:
    {"kind":"event::endInstallTypes","eventId":1,"projectName":"/dev/null/inferredProject1*","packagesToInstall":["@types/keymirror@ts3.8","@types/react-native@ts3.8","@types/react-native-video@ts3.8"],"installSuccess":true,"typingsInstallerVersion":"3.8.3"}
[19:32:13.253] Response has been sent.
[19:32:13.849] Got install request {"projectName":"/dev/null/inferredProject1*","fileNames":["/Users/taekim/.emacs.d/.cache/lsp/npm/typescript/lib/node_modules/typescript/lib/lib.d.ts","/Users/taekim/.emacs.d/.cache/lsp/npm/typescript/lib/node_modules/typescript/lib/lib.es5.d.ts","/Users/taekim/.emacs.d/.cache/lsp/npm/typescript/lib/node_modules/typescript/lib/lib.dom.d.ts","/Users/taekim/.emacs.d/.cache/lsp/npm/typescript/lib/node_modules/typescript/lib/lib.webworker.importscripts.d.ts","/Users/taekim/.emacs.d/.cache/lsp/npm/typescript/lib/node_modules/typescript/lib/lib.scripthost.d.ts","/Users/taekim/Library/Caches/typescript/3.8/node_modules/@types/react-native/globals.d.ts","/Users/taekim/Library/Caches/typescript/3.8/node_modules/@types/react-native/legacy-properties.d.ts","/Users/taekim/Library/Caches/typescript/3.8/node_modules/@types/react-native/BatchedBridge.d.ts","/Users/taekim/Library/Caches/typescript/3.8/node_modules/@types/react-native/Devtools.d.ts","/Users/taekim/Library/Caches/typescript/3.8/node_modules/@types/react-native/LaunchScreen.d.ts","/Users/taekim/Library/Caches/typescript/3.8/node_modules/@types/react-native/index.d.ts","/Users/taekim/Library/Caches/typescript/3.8/node_modules/@types/react-native-video/index.d.ts","/Users/taekim/Projects/ucast/frontend/src/queries/InfluencerQuery.js","/Users/taekim/Projects/ucast/frontend/src/styles/Icons.js","/Users/taekim/Projects/ucast/frontend/src/screens/home/InfluencerScreen.js","/Users/taekim/Library/Caches/typescript/3.8/node_modules/@types/keymirror/index.d.ts"],"compilerOptions":{"target":1,"jsx":1,"allowNonTsExtensions":true,"allowJs":true,"noEmitForJsFiles":true,"maxNodeModuleJsDepth":2},"typeAcquisition":{"enable":true,"include":[],"exclude":[]},"unresolvedImports":[],"projectRootPath":"/Users/taekim/Projects/ucast/frontend/src/screens/home","kind":"discover"}
[19:32:13.849] Explicitly included types: []
[19:32:13.850] Inferred typings from unresolved imports: []
[19:32:13.850] Result: {"cachedTypingPaths":[],"newTypingNames":[],"filesToWatch":["/Users/taekim/Projects/ucast/frontend/src/queries/bower_components","/Users/taekim/Projects/ucast/frontend/src/queries/node_modules","/Users/taekim/Projects/ucast/frontend/src/styles/bower_components","/Users/taekim/Projects/ucast/frontend/src/styles/node_modules","/Users/taekim/Projects/ucast/frontend/src/screens/home/bower_components","/Users/taekim/Projects/ucast/frontend/src/screens/home/node_modules"]}
[19:32:13.850] Finished typings discovery: {"cachedTypingPaths":[],"newTypingNames":[],"filesToWatch":["/Users/taekim/Projects/ucast/frontend/src/queries/bower_components","/Users/taekim/Projects/ucast/frontend/src/queries/node_modules","/Users/taekim/Projects/ucast/frontend/src/styles/bower_components","/Users/taekim/Projects/ucast/frontend/src/styles/node_modules","/Users/taekim/Projects/ucast/frontend/src/screens/home/bower_components","/Users/taekim/Projects/ucast/frontend/src/screens/home/node_modules"]}
[19:32:13.851] Sending response:
    {"projectName":"/dev/null/inferredProject1*","typeAcquisition":{"enable":true,"include":[],"exclude":[]},"compilerOptions":{"target":1,"jsx":1,"allowNonTsExtensions":true,"allowJs":true,"noEmitForJsFiles":true,"maxNodeModuleJsDepth":2},"typings":[],"unresolvedImports":[],"kind":"action::set"}
[19:32:13.851] Response has been sent.
[19:32:13.851] No new typings were requested as a result of typings discovery
[19:32:14.201] Got install request {"projectName":"/dev/null/inferredProject1*","fileNames":["/Users/taekim/.emacs.d/.cache/lsp/npm/typescript/lib/node_modules/typescript/lib/lib.d.ts","/Users/taekim/.emacs.d/.cache/lsp/npm/typescript/lib/node_modules/typescript/lib/lib.es5.d.ts","/Users/taekim/.emacs.d/.cache/lsp/npm/typescript/lib/node_modules/typescript/lib/lib.dom.d.ts","/Users/taekim/.emacs.d/.cache/lsp/npm/typescript/lib/node_modules/typescript/lib/lib.webworker.importscripts.d.ts","/Users/taekim/.emacs.d/.cache/lsp/npm/typescript/lib/node_modules/typescript/lib/lib.scripthost.d.ts","/Users/taekim/Projects/ucast/frontend/src/queries/InfluencerQuery.js","/Users/taekim/Projects/ucast/frontend/src/styles/Icons.js","/Users/taekim/Projects/ucast/frontend/src/screens/home/InfluencerScreen.js"],"compilerOptions":{"target":1,"jsx":1,"allowNonTsExtensions":true,"allowJs":true,"noEmitForJsFiles":true,"maxNodeModuleJsDepth":2},"typeAcquisition":{"enable":true,"include":[],"exclude":[]},"unresolvedImports":[],"projectRootPath":"/Users/taekim/Projects/ucast/frontend/src/screens/home","kind":"discover"}
[19:32:14.201] Explicitly included types: []
[19:32:14.202] Inferred typings from unresolved imports: []
[19:32:14.202] Result: {"cachedTypingPaths":[],"newTypingNames":[],"filesToWatch":["/Users/taekim/Projects/ucast/frontend/src/queries/bower_components","/Users/taekim/Projects/ucast/frontend/src/queries/node_modules","/Users/taekim/Projects/ucast/frontend/src/styles/bower_components","/Users/taekim/Projects/ucast/frontend/src/styles/node_modules","/Users/taekim/Projects/ucast/frontend/src/screens/home/bower_components","/Users/taekim/Projects/ucast/frontend/src/screens/home/node_modules"]}
[19:32:14.202] Finished typings discovery: {"cachedTypingPaths":[],"newTypingNames":[],"filesToWatch":["/Users/taekim/Projects/ucast/frontend/src/queries/bower_components","/Users/taekim/Projects/ucast/frontend/src/queries/node_modules","/Users/taekim/Projects/ucast/frontend/src/styles/bower_components","/Users/taekim/Projects/ucast/frontend/src/styles/node_modules","/Users/taekim/Projects/ucast/frontend/src/screens/home/bower_components","/Users/taekim/Projects/ucast/frontend/src/screens/home/node_modules"]}
[19:32:14.204] Sending response:
    {"projectName":"/dev/null/inferredProject1*","typeAcquisition":{"enable":true,"include":[],"exclude":[]},"compilerOptions":{"target":1,"jsx":1,"allowNonTsExtensions":true,"allowJs":true,"noEmitForJsFiles":true,"maxNodeModuleJsDepth":2},"typings":[],"unresolvedImports":[],"kind":"action::set"}
[19:32:14.204] Response has been sent.
[19:32:14.204] No new typings were requested as a result of typings discovery
